2023-10-06 14:13:05,248 - INFO - Mouse movement started.
2023-10-06 14:13:05,259 - INFO - Caffeinate command started.
2023-10-06 14:13:05,532 - INFO - Mouse moved successfully.
2023-10-06 14:14:04,783 - INFO - Mouse moved successfully.
2023-10-06 14:14:49,830 - INFO - User stopped the mouse movement.
2023-10-06 14:14:49,831 - INFO - Caffeinate command terminated.
2023-10-06 14:15:12,197 - INFO - Mouse movement started.
2023-10-06 14:15:12,207 - INFO - Caffeinate command started.
2023-10-06 14:15:12,477 - INFO - Mouse moved successfully.
2023-10-06 14:15:17,728 - INFO - Mouse moved successfully.
2023-10-06 14:15:22,981 - INFO - Mouse moved successfully.
2023-10-06 14:15:26,215 - INFO - User stopped the mouse movement.
2023-10-06 14:15:26,216 - INFO - Caffeinate command terminated.
2023-10-06 14:15:38,613 - INFO - Mouse movement started.
2023-10-06 14:15:38,623 - INFO - Caffeinate command started.
2023-10-06 14:15:38,989 - INFO - Mouse moved successfully.
2023-10-06 14:15:44,334 - INFO - Mouse moved successfully.
2023-10-06 14:15:49,682 - INFO - Mouse moved successfully.
2023-10-06 14:15:52,318 - INFO - User stopped the mouse movement.
2023-10-06 14:15:52,319 - INFO - Caffeinate command terminated.
2023-10-06 14:16:40,278 - INFO - Mouse movement started.
2023-10-06 14:16:40,289 - INFO - Caffeinate command started.
2023-10-06 14:16:41,055 - INFO - Mouse moved successfully.
2023-10-06 14:16:45,305 - INFO - User stopped the mouse movement.
2023-10-06 14:16:45,306 - INFO - Caffeinate command terminated.
2023-10-06 14:17:00,067 - INFO - Mouse movement started.
2023-10-06 14:17:00,073 - INFO - Caffeinate command started.
2023-10-06 14:17:00,834 - INFO - Mouse moved successfully.
2023-10-06 14:17:06,577 - INFO - Mouse moved successfully.
2023-10-06 14:17:12,324 - INFO - Mouse moved successfully.
2023-10-06 14:17:18,071 - INFO - Mouse moved successfully.
2023-10-06 14:17:19,434 - INFO - User stopped the mouse movement.
2023-10-06 14:17:19,435 - INFO - Caffeinate command terminated.
2023-10-06 14:18:35,457 - INFO - Mouse movement started.
2023-10-06 14:18:35,465 - INFO - Caffeinate command started.
2023-10-06 14:18:36,196 - INFO - Mouse moved successfully.
2023-10-06 14:18:41,942 - INFO - Mouse moved successfully.
2023-10-06 14:18:47,686 - INFO - Mouse moved successfully.
2023-10-06 14:18:48,465 - INFO - User stopped the mouse movement.
2023-10-06 14:18:48,466 - INFO - Caffeinate command terminated.
2023-10-06 14:22:33,486 - INFO - Caffeinate command started.
2023-10-06 14:22:34,248 - INFO - Mouse moved successfully.
2023-10-06 14:22:39,994 - INFO - Mouse moved successfully.
2023-10-06 14:22:45,741 - INFO - Mouse moved successfully.
2023-10-06 14:22:48,253 - INFO - Caffeinate command terminated.
